# JRE version: Java(TM) SE Runtime Environment (8.0_251-b08) (build 1.8.0_251-b08)
# Java VM: Java HotSpot(TM) 64-Bit Server VM (25.251-b08 mixed mode windows-amd64 compressed oops)
Heap:
 PSYoungGen      total 38400K, used 24631K [0x00000000d5d80000, 0x00000000d8800000, 0x0000000100000000)
  eden space 33280K, 74% used [0x00000000d5d80000,0x00000000d758de58,0x00000000d7e00000)
  from space 5120K, 0% used [0x00000000d7e00000,0x00000000d7e00000,0x00000000d8300000)
  to   space 5120K, 0% used [0x00000000d8300000,0x00000000d8300000,0x00000000d8800000)
 ParOldGen       total 65024K, used 1889K [0x0000000081800000, 0x0000000085780000, 0x00000000d5d80000)
  object space 65024K, 2% used [0x0000000081800000,0x00000000819d8458,0x0000000085780000)
 Metaspace       used 9624K, capacity 10038K, committed 10240K, reserved 1058816K
  class space    used 1290K, capacity 1415K, committed 1536K, reserved 1048576K
GC Heap History (4 events):
Event: 1.151 GC heap before
{Heap before GC invocations=1 (full 0):
 PSYoungGen      total 38400K, used 16296K [0x00000000d5d80000, 0x00000000d8800000, 0x0000000100000000)
  eden space 33280K, 48% used [0x00000000d5d80000,0x00000000d6d6a2d0,0x00000000d7e00000)
  from space 5120K, 0% used [0x00000000d8300000,0x00000000d8300000,0x00000000d8800000)
  to   space 5120K, 0% used [0x00000000d7e00000,0x00000000d7e00000,0x00000000d8300000)
 ParOldGen       total 87552K, used 0K [0x0000000081800000, 0x0000000086d80000, 0x00000000d5d80000)
  object space 87552K, 0% used [0x0000000081800000,0x0000000081800000,0x0000000086d80000)
 Metaspace       used 8294K, capacity 8772K, committed 8832K, reserved 1060864K
  class space    used 1063K, capacity 1151K, committed 1152K, reserved 1048576K
Event: 1.154 GC heap after
Heap after GC invocations=1 (full 0):
 PSYoungGen      total 38400K, used 1984K [0x00000000d5d80000, 0x00000000d8800000, 0x0000000100000000)
  eden space 33280K, 0% used [0x00000000d5d80000,0x00000000d5d80000,0x00000000d7e00000)
  from space 5120K, 38% used [0x00000000d7e00000,0x00000000d7ff0000,0x00000000d8300000)
  to   space 5120K, 0% used [0x00000000d8300000,0x00000000d8300000,0x00000000d8800000)
 ParOldGen       total 87552K, used 16K [0x0000000081800000, 0x0000000086d80000, 0x00000000d5d80000)
  object space 87552K, 0% used [0x0000000081800000,0x0000000081804000,0x0000000086d80000)
 Metaspace       used 8294K, capacity 8772K, committed 8832K, reserved 1060864K
  class space    used 1063K, capacity 1151K, committed 1152K, reserved 1048576K
}
Event: 1.157 GC heap before
{Heap before GC invocations=2 (full 1):
 PSYoungGen      total 38400K, used 1984K [0x00000000d5d80000, 0x00000000d8800000, 0x0000000100000000)
  eden space 33280K, 0% used [0x00000000d5d80000,0x00000000d5d80000,0x00000000d7e00000)
  from space 5120K, 38% used [0x00000000d7e00000,0x00000000d7ff0000,0x00000000d8300000)
  to   space 5120K, 0% used [0x00000000d8300000,0x00000000d8300000,0x00000000d8800000)
 ParOldGen       total 87552K, used 16K [0x0000000081800000, 0x0000000086d80000, 0x00000000d5d80000)
  object space 87552K, 0% used [0x0000000081800000,0x0000000081804000,0x0000000086d80000)
 Metaspace       used 8294K, capacity 8772K, committed 8832K, reserved 1060864K
  class space    used 1063K, capacity 1151K, committed 1152K, reserved 1048576K
Event: 1.181 GC heap after
Heap after GC invocations=2 (full 1):
 PSYoungGen      total 38400K, used 0K [0x00000000d5d80000, 0x00000000d8800000, 0x0000000100000000)
  eden space 33280K, 0% used [0x00000000d5d80000,0x00000000d5d80000,0x00000000d7e00000)
  from space 5120K, 0% used [0x00000000d7e00000,0x00000000d7e00000,0x00000000d8300000)
  to   space 5120K, 0% used [0x00000000d8300000,0x00000000d8300000,0x00000000d8800000)
 ParOldGen       total 65024K, used 1889K [0x0000000081800000, 0x0000000085780000, 0x00000000d5d80000)
  object space 65024K, 2% used [0x0000000081800000,0x00000000819d8458,0x0000000085780000)
 Metaspace       used 8294K, capacity 8772K, committed 8832K, reserved 1058816K
  class space    used 1063K, capacity 1151K, committed 1152K, reserved 1048576K
}

